2025.08.18 09:00:59 INFO  Started: Metals version 1.6.2 in folders 'C:\Users\ManikantaSanambatla\Downloads\gatling-maven-plugin-demo-main\gatling-maven-plugin-demo-main' for client Visual Studio Code 1.103.1.
2025.08.18 09:01:00 INFO  no build target found for C:\Users\ManikantaSanambatla\Downloads\gatling-maven-plugin-demo-main\gatling-maven-plugin-demo-main\src\test\scala\Recorder.scala. Using presentation compiler with project's scala-library version: 3.3.6
Aug 18, 2025 9:01:08 AM org.eclipse.lsp4j.jsonrpc.RemoteEndpoint handleCancellation
WARNING: Unmatched cancel notification for request id 2
Aug 18, 2025 9:01:09 AM org.eclipse.lsp4j.jsonrpc.RemoteEndpoint handleCancellation
WARNING: Unmatched cancel notification for request id 1
2025.08.18 09:01:09 INFO  no build target found for C:\Users\ManikantaSanambatla\Downloads\gatling-maven-plugin-demo-main\gatling-maven-plugin-demo-main\src\test\scala\Recorder.scala. Using presentation compiler with project's scala-library version: 3.3.6
2025.08.18 09:01:09 INFO  no build target found for C:\Users\ManikantaSanambatla\Downloads\gatling-maven-plugin-demo-main\gatling-maven-plugin-demo-main\src\test\scala\Recorder.scala. Using presentation compiler with project's scala-library version: 3.3.6
2025.08.18 09:01:09 INFO  no build target found for C:\Users\ManikantaSanambatla\Downloads\gatling-maven-plugin-demo-main\gatling-maven-plugin-demo-main\src\test\scala\IDEPathHelper.scala. Using presentation compiler with project's scala-library version: 3.3.6
2025.08.18 09:01:09 INFO  no build target found for C:\Users\ManikantaSanambatla\Downloads\gatling-maven-plugin-demo-main\gatling-maven-plugin-demo-main\src\test\scala\IDEPathHelper.scala. Using presentation compiler with project's scala-library version: 3.3.6
Aug 18, 2025 9:01:09 AM org.eclipse.lsp4j.jsonrpc.RemoteEndpoint handleCancellation
WARNING: Unmatched cancel notification for request id 11
Aug 18, 2025 9:01:09 AM org.eclipse.lsp4j.jsonrpc.RemoteEndpoint handleCancellation
WARNING: Unmatched cancel notification for request id 8
2025.08.18 09:01:09 INFO  no build target found for C:\Users\ManikantaSanambatla\Downloads\gatling-maven-plugin-demo-main\gatling-maven-plugin-demo-main\src\test\scala\IDEPathHelper.scala. Using presentation compiler with project's scala-library version: 3.3.6
2025.08.18 09:01:09 INFO  no build target found for C:\Users\ManikantaSanambatla\Downloads\gatling-maven-plugin-demo-main\gatling-maven-plugin-demo-main\src\test\scala\Recorder.scala. Using presentation compiler with project's scala-library version: 3.3.6
2025.08.18 09:01:09 INFO  no build target found for C:\Users\ManikantaSanambatla\Downloads\gatling-maven-plugin-demo-main\gatling-maven-plugin-demo-main\src\test\scala\Recorder.scala. Using presentation compiler with project's scala-library version: 3.3.6
2025.08.18 09:01:09 INFO  no build target found for C:\Users\ManikantaSanambatla\Downloads\gatling-maven-plugin-demo-main\gatling-maven-plugin-demo-main\src\test\scala\Recorder.scala. Using presentation compiler with project's scala-library version: 3.3.6
Aug 18, 2025 9:01:09 AM org.eclipse.lsp4j.jsonrpc.RemoteEndpoint handleCancellation
WARNING: Unmatched cancel notification for request id 16
2025.08.18 09:01:09 INFO  no build target found for C:\Users\ManikantaSanambatla\Downloads\gatling-maven-plugin-demo-main\gatling-maven-plugin-demo-main\src\test\scala\Recorder.scala. Using presentation compiler with project's scala-library version: 3.3.6
2025.08.18 09:01:36 INFO  no build target found for C:\Users\ManikantaSanambatla\Downloads\gatling-maven-plugin-demo-main\gatling-maven-plugin-demo-main\src\test\scala\Recorder.scala. Using presentation compiler with project's scala-library version: 3.3.6
2025.08.18 09:01:36 INFO  no build target found for C:\Users\ManikantaSanambatla\Downloads\gatling-maven-plugin-demo-main\gatling-maven-plugin-demo-main\src\test\scala\Recorder.scala. Using presentation compiler with project's scala-library version: 3.3.6
2025.08.18 09:01:36 INFO  no build target found for C:\Users\ManikantaSanambatla\Downloads\gatling-maven-plugin-demo-main\gatling-maven-plugin-demo-main\src\test\scala\Recorder.scala. Using presentation compiler with project's scala-library version: 3.3.6
2025.08.18 09:01:43 INFO  no build target found for C:\Users\ManikantaSanambatla\Downloads\gatling-maven-plugin-demo-main\gatling-maven-plugin-demo-main\src\test\scala\Recorder.scala. Using presentation compiler with project's scala-library version: 3.3.6
2025.08.18 09:01:52 INFO  no build target found for C:\Users\ManikantaSanambatla\Downloads\gatling-maven-plugin-demo-main\gatling-maven-plugin-demo-main\src\test\scala\Recorder.scala. Using presentation compiler with project's scala-library version: 3.3.6
2025.08.18 09:01:52 INFO  no build target found for C:\Users\ManikantaSanambatla\Downloads\gatling-maven-plugin-demo-main\gatling-maven-plugin-demo-main\src\test\scala\Engine.scala. Using presentation compiler with project's scala-library version: 3.3.6
2025.08.18 09:01:52 INFO  no build target found for C:\Users\ManikantaSanambatla\Downloads\gatling-maven-plugin-demo-main\gatling-maven-plugin-demo-main\src\test\scala\Engine.scala. Using presentation compiler with project's scala-library version: 3.3.6
2025.08.18 09:01:58 INFO  no build target found for C:\Users\ManikantaSanambatla\Downloads\gatling-maven-plugin-demo-main\gatling-maven-plugin-demo-main\src\test\scala\Engine.scala. Using presentation compiler with project's scala-library version: 3.3.6
2025.08.18 09:01:58 INFO  no build target found for C:\Users\ManikantaSanambatla\Downloads\gatling-maven-plugin-demo-main\gatling-maven-plugin-demo-main\src\test\scala\Recorder.scala. Using presentation compiler with project's scala-library version: 3.3.6
2025.08.18 09:01:58 INFO  no build target found for C:\Users\ManikantaSanambatla\Downloads\gatling-maven-plugin-demo-main\gatling-maven-plugin-demo-main\src\test\scala\Recorder.scala. Using presentation compiler with project's scala-library version: 3.3.6
2025.08.18 09:01:58 INFO  no build target found for C:\Users\ManikantaSanambatla\Downloads\gatling-maven-plugin-demo-main\gatling-maven-plugin-demo-main\src\test\scala\Recorder.scala. Using presentation compiler with project's scala-library version: 3.3.6
2025.08.18 09:04:17 INFO  no build target found for C:\Users\ManikantaSanambatla\Downloads\gatling-maven-plugin-demo-main\gatling-maven-plugin-demo-main\src\test\scala\Recorder.scala. Using presentation compiler with project's scala-library version: 3.3.6
2025.08.18 09:04:28 INFO  no build target found for C:\Users\ManikantaSanambatla\Downloads\gatling-maven-plugin-demo-main\gatling-maven-plugin-demo-main\src\test\scala\Engine.scala. Using presentation compiler with project's scala-library version: 3.3.6
2025.08.18 09:04:28 INFO  no build target found for C:\Users\ManikantaSanambatla\Downloads\gatling-maven-plugin-demo-main\gatling-maven-plugin-demo-main\src\test\scala\Engine.scala. Using presentation compiler with project's scala-library version: 3.3.6
2025.08.18 09:04:31 INFO  no build target found for C:\Users\ManikantaSanambatla\Downloads\gatling-maven-plugin-demo-main\gatling-maven-plugin-demo-main\src\test\scala\Engine.scala. Using presentation compiler with project's scala-library version: 3.3.6
2025.08.18 09:04:31 INFO  no build target found for C:\Users\ManikantaSanambatla\Downloads\gatling-maven-plugin-demo-main\gatling-maven-plugin-demo-main\src\test\scala\IDEPathHelper.scala. Using presentation compiler with project's scala-library version: 3.3.6
2025.08.18 09:04:31 INFO  no build target found for C:\Users\ManikantaSanambatla\Downloads\gatling-maven-plugin-demo-main\gatling-maven-plugin-demo-main\src\test\scala\IDEPathHelper.scala. Using presentation compiler with project's scala-library version: 3.3.6
2025.08.18 09:04:31 INFO  no build target found for C:\Users\ManikantaSanambatla\Downloads\gatling-maven-plugin-demo-main\gatling-maven-plugin-demo-main\src\test\scala\IDEPathHelper.scala. Using presentation compiler with project's scala-library version: 3.3.6
2025.08.18 09:04:31 INFO  no build target found for C:\Users\ManikantaSanambatla\Downloads\gatling-maven-plugin-demo-main\gatling-maven-plugin-demo-main\src\test\scala\Recorder.scala. Using presentation compiler with project's scala-library version: 3.3.6
2025.08.18 09:04:31 INFO  no build target found for C:\Users\ManikantaSanambatla\Downloads\gatling-maven-plugin-demo-main\gatling-maven-plugin-demo-main\src\test\scala\Recorder.scala. Using presentation compiler with project's scala-library version: 3.3.6
2025.08.18 09:04:31 INFO  no build target found for C:\Users\ManikantaSanambatla\Downloads\gatling-maven-plugin-demo-main\gatling-maven-plugin-demo-main\src\test\scala\Recorder.scala. Using presentation compiler with project's scala-library version: 3.3.6
2025.08.18 09:07:27 INFO  no build target found for C:\Users\ManikantaSanambatla\Downloads\gatling-maven-plugin-demo-main\gatling-maven-plugin-demo-main\src\test\scala\Recorder.scala. Using presentation compiler with project's scala-library version: 3.3.6
2025.08.18 09:07:27 INFO  no build target found for C:\Users\ManikantaSanambatla\Downloads\gatling-maven-plugin-demo-main\gatling-maven-plugin-demo-main\src\test\scala\Recorder.scala. Using presentation compiler with project's scala-library version: 3.3.6
2025.08.18 09:07:27 INFO  no build target found for C:\Users\ManikantaSanambatla\Downloads\gatling-maven-plugin-demo-main\gatling-maven-plugin-demo-main\src\test\scala\Recorder.scala. Using presentation compiler with project's scala-library version: 3.3.6
2025.08.18 09:07:28 INFO  no build target found for C:\Users\ManikantaSanambatla\Downloads\gatling-maven-plugin-demo-main\gatling-maven-plugin-demo-main\src\test\scala\Recorder.scala. Using presentation compiler with project's scala-library version: 3.3.6
2025.08.18 09:09:23 INFO  no build target found for C:\Users\ManikantaSanambatla\Downloads\gatling-maven-plugin-demo-main\gatling-maven-plugin-demo-main\src\test\scala\Recorder.scala. Using presentation compiler with project's scala-library version: 3.3.6
2025.08.18 09:09:23 INFO  no build target found for C:\Users\ManikantaSanambatla\Downloads\gatling-maven-plugin-demo-main\gatling-maven-plugin-demo-main\src\test\scala\Engine.scala. Using presentation compiler with project's scala-library version: 3.3.6
2025.08.18 09:09:23 INFO  no build target found for C:\Users\ManikantaSanambatla\Downloads\gatling-maven-plugin-demo-main\gatling-maven-plugin-demo-main\src\test\scala\Engine.scala. Using presentation compiler with project's scala-library version: 3.3.6
2025.08.18 09:09:28 INFO  no build target found for C:\Users\ManikantaSanambatla\Downloads\gatling-maven-plugin-demo-main\gatling-maven-plugin-demo-main\src\test\scala\Engine.scala. Using presentation compiler with project's scala-library version: 3.3.6
2025.08.18 09:14:52 INFO  no build target found for C:\Users\ManikantaSanambatla\Downloads\gatling-maven-plugin-demo-main\gatling-maven-plugin-demo-main\src\test\scala\Simulations\BasicSimulation.scala. Using presentation compiler with project's scala-library version: 3.3.6
2025.08.18 09:14:52 WARN  no build target for: C:\Users\ManikantaSanambatla\Downloads\gatling-maven-plugin-demo-main\gatling-maven-plugin-demo-main\src\test\scala\Simulations\BasicSimulation.scala
Aug 18, 2025 9:15:41 AM org.eclipse.lsp4j.jsonrpc.services.GenericEndpoint notify
INFO: Unsupported notification method: $/setTrace
2025.08.18 09:16:39 ERROR scala.meta.internal.metals.debug.DiscoveryFailures$BuildTargetNotFoundException: Build target not found: gatling-maven-plugin-demo, candidates:

	at scala.meta.internal.metals.debug.BuildTargetClassesFinder.$anonfun$findClassAndBuildTarget$4(BuildTargetClassesFinder.scala:125)
	at scala.Option.fold(Option.scala:263)
	at scala.meta.internal.metals.debug.BuildTargetClassesFinder.$anonfun$findClassAndBuildTarget$3(BuildTargetClassesFinder.scala:128)
	at scala.Option.fold(Option.scala:263)
	at scala.meta.internal.metals.debug.BuildTargetClassesFinder.findClassAndBuildTarget(BuildTargetClassesFinder.scala:118)
	at scala.meta.internal.metals.debug.BuildTargetClassesFinder.findMainClassAndItsBuildTarget(BuildTargetClassesFinder.scala:37)
	at scala.meta.internal.metals.debug.DebugProvider.findMainClassAndItsBuildTarget(DebugProvider.scala:497)
	at scala.meta.internal.metals.debug.DebugProvider$MainClassSearch.search(DebugProvider.scala:895)
	at scala.meta.internal.metals.debug.DebugProvider$ClassSearch.$anonfun$searchResult$1(DebugProvider.scala:875)
	at scala.runtime.java8.JFunction0$mcZ$sp.apply(JFunction0$mcZ$sp.scala:17)
	at scala.concurrent.Future$.$anonfun$apply$1(Future.scala:687)
	at scala.concurrent.impl.Promise$Transformation.run(Promise.scala:467)
	at java.util.concurrent.ThreadPoolExecutor.runWorker(ThreadPoolExecutor.java:1095)
	at java.util.concurrent.ThreadPoolExecutor$Worker.run(ThreadPoolExecutor.java:619)
	at java.lang.Thread.run(Thread.java:1447)

Aug 18, 2025 9:20:28 AM org.eclipse.lsp4j.jsonrpc.services.GenericEndpoint notify
INFO: Unsupported notification method: $/setTrace
2025.08.18 09:20:29 INFO  Shutting down server
2025.08.18 09:20:29 INFO  shutting down Metals
2025.08.18 09:20:29 ERROR Unexpected error initializing server: 
org.eclipse.lsp4j.jsonrpc.ResponseErrorException: Request window/showMessageRequest failed with message: Canceled
	at org.eclipse.lsp4j.jsonrpc.RemoteEndpoint.handleResponse(RemoteEndpoint.java:220)
	at org.eclipse.lsp4j.jsonrpc.RemoteEndpoint.consume(RemoteEndpoint.java:204)
	at org.eclipse.lsp4j.jsonrpc.json.StreamMessageProducer.handleMessage(StreamMessageProducer.java:185)
	at org.eclipse.lsp4j.jsonrpc.json.StreamMessageProducer.listen(StreamMessageProducer.java:97)
	at org.eclipse.lsp4j.jsonrpc.json.ConcurrentMessageProcessor.run(ConcurrentMessageProcessor.java:114)
	at java.util.concurrent.Executors$RunnableAdapter.call(Executors.java:545)
	at java.util.concurrent.FutureTask.run(FutureTask.java:328)
	at java.util.concurrent.ThreadPoolExecutor.runWorker(ThreadPoolExecutor.java:1095)
	at java.util.concurrent.ThreadPoolExecutor$Worker.run(ThreadPoolExecutor.java:619)
	at java.lang.Thread.run(Thread.java:1447)

2025.08.18 09:20:29 INFO  Exiting server
2025.08.18 09:43:57 INFO  Started: Metals version 1.6.2 in folders 'C:\Users\ManikantaSanambatla\Downloads\gatling-maven-plugin-demo-main\gatling-maven-plugin-demo-main' for client Visual Studio Code 1.103.1.
2025.08.18 09:43:58 INFO  no build target found for C:\Users\ManikantaSanambatla\Downloads\gatling-maven-plugin-demo-main\gatling-maven-plugin-demo-main\src\test\scala\Simulations\BasicSimulation.scala. Using presentation compiler with project's scala-library version: 3.3.6
2025.08.18 09:43:59 INFO  no build target found for C:\Users\ManikantaSanambatla\Downloads\gatling-maven-plugin-demo-main\gatling-maven-plugin-demo-main\src\test\scala\Simulations\BasicSimulation.scala. Using presentation compiler with project's scala-library version: 3.3.6
2025.08.18 09:44:03 INFO  no build target found for C:\Users\ManikantaSanambatla\Downloads\gatling-maven-plugin-demo-main\gatling-maven-plugin-demo-main\src\test\scala\Simulations\BasicSimulation.scala. Using presentation compiler with project's scala-library version: 3.3.6
2025.08.18 09:44:11 INFO  no build target found for C:\Users\ManikantaSanambatla\Downloads\gatling-maven-plugin-demo-main\gatling-maven-plugin-demo-main\src\test\scala\Simulations\BasicSimulation.scala. Using presentation compiler with project's scala-library version: 3.3.6
2025.08.18 09:44:14 INFO  no build target found for C:\Users\ManikantaSanambatla\Downloads\gatling-maven-plugin-demo-main\gatling-maven-plugin-demo-main\src\test\scala\Simulations\BasicSimulation.scala. Using presentation compiler with project's scala-library version: 3.3.6
2025.08.18 09:44:14 INFO  no build target found for C:\Users\ManikantaSanambatla\Downloads\gatling-maven-plugin-demo-main\gatling-maven-plugin-demo-main\src\test\scala\Simulations\BasicSimulation.scala. Using presentation compiler with project's scala-library version: 3.3.6
2025.08.18 09:44:14 INFO  no build target found for C:\Users\ManikantaSanambatla\Downloads\gatling-maven-plugin-demo-main\gatling-maven-plugin-demo-main\src\test\scala\Simulations\BasicSimulation.scala. Using presentation compiler with project's scala-library version: 3.3.6
2025.08.18 09:44:14 INFO  no build target found for C:\Users\ManikantaSanambatla\Downloads\gatling-maven-plugin-demo-main\gatling-maven-plugin-demo-main\src\test\scala\Simulations\BasicSimulation.scala. Using presentation compiler with project's scala-library version: 3.3.6
2025.08.18 09:44:15 INFO  no build target found for C:\Users\ManikantaSanambatla\Downloads\gatling-maven-plugin-demo-main\gatling-maven-plugin-demo-main\src\test\scala\Simulations\BasicSimulation.scala. Using presentation compiler with project's scala-library version: 3.3.6
2025.08.18 09:44:14 INFO  no build target found for C:\Users\ManikantaSanambatla\Downloads\gatling-maven-plugin-demo-main\gatling-maven-plugin-demo-main\src\test\scala\Simulations\BasicSimulation.scala. Using presentation compiler with project's scala-library version: 3.3.6
2025.08.18 09:44:15 INFO  no build target found for C:\Users\ManikantaSanambatla\Downloads\gatling-maven-plugin-demo-main\gatling-maven-plugin-demo-main\src\test\scala\Simulations\BasicSimulation.scala. Using presentation compiler with project's scala-library version: 3.3.6
2025.08.18 09:44:15 INFO  no build target found for C:\Users\ManikantaSanambatla\Downloads\gatling-maven-plugin-demo-main\gatling-maven-plugin-demo-main\src\test\scala\Simulations\BasicSimulation.scala. Using presentation compiler with project's scala-library version: 3.3.6
2025.08.18 09:44:15 INFO  no build target found for C:\Users\ManikantaSanambatla\Downloads\gatling-maven-plugin-demo-main\gatling-maven-plugin-demo-main\src\test\scala\Simulations\BasicSimulation.scala. Using presentation compiler with project's scala-library version: 3.3.6
2025.08.18 09:44:15 INFO  no build target found for C:\Users\ManikantaSanambatla\Downloads\gatling-maven-plugin-demo-main\gatling-maven-plugin-demo-main\src\test\scala\Simulations\BasicSimulation.scala. Using presentation compiler with project's scala-library version: 3.3.6
2025.08.18 09:44:24 INFO  no build target found for C:\Users\ManikantaSanambatla\Downloads\gatling-maven-plugin-demo-main\gatling-maven-plugin-demo-main\src\test\scala\Simulations\BasicSimulation.scala. Using presentation compiler with project's scala-library version: 3.3.6
2025.08.18 09:44:30 INFO  no build target found for C:\Users\ManikantaSanambatla\Downloads\gatling-maven-plugin-demo-main\gatling-maven-plugin-demo-main\src\test\scala\Simulations\BasicSimulation.scala. Using presentation compiler with project's scala-library version: 3.3.6
2025.08.18 09:44:30 INFO  no build target found for C:\Users\ManikantaSanambatla\Downloads\gatling-maven-plugin-demo-main\gatling-maven-plugin-demo-main\src\test\scala\Simulations\BasicSimulation.scala. Using presentation compiler with project's scala-library version: 3.3.6
2025.08.18 09:44:30 INFO  no build target found for C:\Users\ManikantaSanambatla\Downloads\gatling-maven-plugin-demo-main\gatling-maven-plugin-demo-main\src\test\scala\Simulations\BasicSimulation.scala. Using presentation compiler with project's scala-library version: 3.3.6
2025.08.18 09:44:30 INFO  no build target found for C:\Users\ManikantaSanambatla\Downloads\gatling-maven-plugin-demo-main\gatling-maven-plugin-demo-main\src\test\scala\Simulations\BasicSimulation.scala. Using presentation compiler with project's scala-library version: 3.3.6
2025.08.18 09:44:30 INFO  no build target found for C:\Users\ManikantaSanambatla\Downloads\gatling-maven-plugin-demo-main\gatling-maven-plugin-demo-main\src\test\scala\Simulations\BasicSimulation.scala. Using presentation compiler with project's scala-library version: 3.3.6
2025.08.18 09:44:32 INFO  no build target found for C:\Users\ManikantaSanambatla\Downloads\gatling-maven-plugin-demo-main\gatling-maven-plugin-demo-main\src\test\scala\Simulations\BasicSimulation.scala. Using presentation compiler with project's scala-library version: 3.3.6
2025.08.18 09:44:32 INFO  no build target found for C:\Users\ManikantaSanambatla\Downloads\gatling-maven-plugin-demo-main\gatling-maven-plugin-demo-main\src\test\scala\Simulations\BasicSimulation.scala. Using presentation compiler with project's scala-library version: 3.3.6
2025.08.18 09:44:32 INFO  no build target found for C:\Users\ManikantaSanambatla\Downloads\gatling-maven-plugin-demo-main\gatling-maven-plugin-demo-main\src\test\scala\Simulations\BasicSimulation.scala. Using presentation compiler with project's scala-library version: 3.3.6
2025.08.18 09:44:32 INFO  no build target found for C:\Users\ManikantaSanambatla\Downloads\gatling-maven-plugin-demo-main\gatling-maven-plugin-demo-main\src\test\scala\Simulations\BasicSimulation.scala. Using presentation compiler with project's scala-library version: 3.3.6
2025.08.18 09:44:33 INFO  no build target found for C:\Users\ManikantaSanambatla\Downloads\gatling-maven-plugin-demo-main\gatling-maven-plugin-demo-main\src\test\scala\Simulations\BasicSimulation.scala. Using presentation compiler with project's scala-library version: 3.3.6
2025.08.18 09:44:33 INFO  no build target found for C:\Users\ManikantaSanambatla\Downloads\gatling-maven-plugin-demo-main\gatling-maven-plugin-demo-main\src\test\scala\Simulations\BasicSimulation.scala. Using presentation compiler with project's scala-library version: 3.3.6
2025.08.18 09:44:33 INFO  no build target found for C:\Users\ManikantaSanambatla\Downloads\gatling-maven-plugin-demo-main\gatling-maven-plugin-demo-main\src\test\scala\Simulations\BasicSimulation.scala. Using presentation compiler with project's scala-library version: 3.3.6
2025.08.18 09:44:33 INFO  no build target found for C:\Users\ManikantaSanambatla\Downloads\gatling-maven-plugin-demo-main\gatling-maven-plugin-demo-main\src\test\scala\Simulations\BasicSimulation.scala. Using presentation compiler with project's scala-library version: 3.3.6
2025.08.18 09:44:33 INFO  no build target found for C:\Users\ManikantaSanambatla\Downloads\gatling-maven-plugin-demo-main\gatling-maven-plugin-demo-main\src\test\scala\Simulations\BasicSimulation.scala. Using presentation compiler with project's scala-library version: 3.3.6
2025.08.18 09:44:33 INFO  no build target found for C:\Users\ManikantaSanambatla\Downloads\gatling-maven-plugin-demo-main\gatling-maven-plugin-demo-main\src\test\scala\Simulations\BasicSimulation.scala. Using presentation compiler with project's scala-library version: 3.3.6
2025.08.18 09:44:33 INFO  no build target found for C:\Users\ManikantaSanambatla\Downloads\gatling-maven-plugin-demo-main\gatling-maven-plugin-demo-main\src\test\scala\Simulations\BasicSimulation.scala. Using presentation compiler with project's scala-library version: 3.3.6
2025.08.18 09:44:33 INFO  no build target found for C:\Users\ManikantaSanambatla\Downloads\gatling-maven-plugin-demo-main\gatling-maven-plugin-demo-main\src\test\scala\Simulations\BasicSimulation.scala. Using presentation compiler with project's scala-library version: 3.3.6
2025.08.18 09:44:33 INFO  no build target found for C:\Users\ManikantaSanambatla\Downloads\gatling-maven-plugin-demo-main\gatling-maven-plugin-demo-main\src\test\scala\Simulations\BasicSimulation.scala. Using presentation compiler with project's scala-library version: 3.3.6
2025.08.18 09:44:34 INFO  no build target found for C:\Users\ManikantaSanambatla\Downloads\gatling-maven-plugin-demo-main\gatling-maven-plugin-demo-main\src\test\scala\Simulations\BasicSimulation.scala. Using presentation compiler with project's scala-library version: 3.3.6
2025.08.18 09:44:35 INFO  no build target found for C:\Users\ManikantaSanambatla\Downloads\gatling-maven-plugin-demo-main\gatling-maven-plugin-demo-main\src\test\scala\Simulations\BasicSimulation.scala. Using presentation compiler with project's scala-library version: 3.3.6
2025.08.18 09:44:35 INFO  no build target found for C:\Users\ManikantaSanambatla\Downloads\gatling-maven-plugin-demo-main\gatling-maven-plugin-demo-main\src\test\scala\Simulations\BasicSimulation.scala. Using presentation compiler with project's scala-library version: 3.3.6
2025.08.18 09:44:36 INFO  no build target found for C:\Users\ManikantaSanambatla\Downloads\gatling-maven-plugin-demo-main\gatling-maven-plugin-demo-main\src\test\scala\Simulations\BasicSimulation.scala. Using presentation compiler with project's scala-library version: 3.3.6
2025.08.18 09:44:43 INFO  no build target found for C:\Users\ManikantaSanambatla\Downloads\gatling-maven-plugin-demo-main\gatling-maven-plugin-demo-main\src\test\scala\Simulations\BasicSimulation.scala. Using presentation compiler with project's scala-library version: 3.3.6
2025.08.18 09:44:57 INFO  no build target found for C:\Users\ManikantaSanambatla\Downloads\gatling-maven-plugin-demo-main\gatling-maven-plugin-demo-main\src\test\scala\Simulations\BasicSimulation.scala. Using presentation compiler with project's scala-library version: 3.3.6
2025.08.18 09:44:57 INFO  no build target found for C:\Users\ManikantaSanambatla\Downloads\gatling-maven-plugin-demo-main\gatling-maven-plugin-demo-main\src\test\scala\Simulations\BasicSimulation.scala. Using presentation compiler with project's scala-library version: 3.3.6
2025.08.18 09:44:59 INFO  no build target found for C:\Users\ManikantaSanambatla\Downloads\gatling-maven-plugin-demo-main\gatling-maven-plugin-demo-main\src\test\scala\Simulations\BasicSimulation.scala. Using presentation compiler with project's scala-library version: 3.3.6
2025.08.18 09:44:59 INFO  no build target found for C:\Users\ManikantaSanambatla\Downloads\gatling-maven-plugin-demo-main\gatling-maven-plugin-demo-main\src\test\scala\Simulations\BasicSimulation.scala. Using presentation compiler with project's scala-library version: 3.3.6
2025.08.18 09:44:59 INFO  no build target found for C:\Users\ManikantaSanambatla\Downloads\gatling-maven-plugin-demo-main\gatling-maven-plugin-demo-main\src\test\scala\Simulations\BasicSimulation.scala. Using presentation compiler with project's scala-library version: 3.3.6
2025.08.18 09:45:00 INFO  no build target found for C:\Users\ManikantaSanambatla\Downloads\gatling-maven-plugin-demo-main\gatling-maven-plugin-demo-main\src\test\scala\Simulations\BasicSimulation.scala. Using presentation compiler with project's scala-library version: 3.3.6
2025.08.18 09:45:05 INFO  no build target found for C:\Users\ManikantaSanambatla\Downloads\gatling-maven-plugin-demo-main\gatling-maven-plugin-demo-main\src\test\scala\Simulations\BasicSimulation.scala. Using presentation compiler with project's scala-library version: 3.3.6
2025.08.18 09:45:05 INFO  no build target found for C:\Users\ManikantaSanambatla\Downloads\gatling-maven-plugin-demo-main\gatling-maven-plugin-demo-main\src\test\scala\Simulations\BasicSimulation.scala. Using presentation compiler with project's scala-library version: 3.3.6
2025.08.18 09:45:08 INFO  no build target found for C:\Users\ManikantaSanambatla\Downloads\gatling-maven-plugin-demo-main\gatling-maven-plugin-demo-main\src\test\scala\Simulations\BasicSimulation.scala. Using presentation compiler with project's scala-library version: 3.3.6
2025.08.18 09:45:08 INFO  no build target found for C:\Users\ManikantaSanambatla\Downloads\gatling-maven-plugin-demo-main\gatling-maven-plugin-demo-main\src\test\scala\Simulations\BasicSimulation.scala. Using presentation compiler with project's scala-library version: 3.3.6
2025.08.18 09:45:08 INFO  no build target found for C:\Users\ManikantaSanambatla\Downloads\gatling-maven-plugin-demo-main\gatling-maven-plugin-demo-main\src\test\scala\Simulations\BasicSimulation.scala. Using presentation compiler with project's scala-library version: 3.3.6
2025.08.18 09:45:10 INFO  no build target found for C:\Users\ManikantaSanambatla\Downloads\gatling-maven-plugin-demo-main\gatling-maven-plugin-demo-main\src\test\scala\Simulations\BasicSimulation.scala. Using presentation compiler with project's scala-library version: 3.3.6
2025.08.18 09:45:13 INFO  no build target found for C:\Users\ManikantaSanambatla\Downloads\gatling-maven-plugin-demo-main\gatling-maven-plugin-demo-main\src\test\scala\Simulations\BasicSimulation.scala. Using presentation compiler with project's scala-library version: 3.3.6
2025.08.18 09:45:13 INFO  no build target found for C:\Users\ManikantaSanambatla\Downloads\gatling-maven-plugin-demo-main\gatling-maven-plugin-demo-main\src\test\scala\Simulations\BasicSimulation.scala. Using presentation compiler with project's scala-library version: 3.3.6
2025.08.18 09:45:13 INFO  no build target found for C:\Users\ManikantaSanambatla\Downloads\gatling-maven-plugin-demo-main\gatling-maven-plugin-demo-main\src\test\scala\Simulations\BasicSimulation.scala. Using presentation compiler with project's scala-library version: 3.3.6
2025.08.18 09:45:13 INFO  no build target found for C:\Users\ManikantaSanambatla\Downloads\gatling-maven-plugin-demo-main\gatling-maven-plugin-demo-main\src\test\scala\Simulations\BasicSimulation.scala. Using presentation compiler with project's scala-library version: 3.3.6
2025.08.18 09:45:15 INFO  no build target found for C:\Users\ManikantaSanambatla\Downloads\gatling-maven-plugin-demo-main\gatling-maven-plugin-demo-main\src\test\scala\Simulations\BasicSimulation.scala. Using presentation compiler with project's scala-library version: 3.3.6
2025.08.18 09:45:15 INFO  no build target found for C:\Users\ManikantaSanambatla\Downloads\gatling-maven-plugin-demo-main\gatling-maven-plugin-demo-main\src\test\scala\Simulations\BasicSimulation.scala. Using presentation compiler with project's scala-library version: 3.3.6
2025.08.18 09:45:16 INFO  no build target found for C:\Users\ManikantaSanambatla\Downloads\gatling-maven-plugin-demo-main\gatling-maven-plugin-demo-main\src\test\scala\Simulations\BasicSimulation.scala. Using presentation compiler with project's scala-library version: 3.3.6
2025.08.18 09:45:16 INFO  no build target found for C:\Users\ManikantaSanambatla\Downloads\gatling-maven-plugin-demo-main\gatling-maven-plugin-demo-main\src\test\scala\Simulations\BasicSimulation.scala. Using presentation compiler with project's scala-library version: 3.3.6
2025.08.18 09:45:16 INFO  no build target found for C:\Users\ManikantaSanambatla\Downloads\gatling-maven-plugin-demo-main\gatling-maven-plugin-demo-main\src\test\scala\Simulations\BasicSimulation.scala. Using presentation compiler with project's scala-library version: 3.3.6
2025.08.18 09:45:17 INFO  no build target found for C:\Users\ManikantaSanambatla\Downloads\gatling-maven-plugin-demo-main\gatling-maven-plugin-demo-main\src\test\scala\Simulations\BasicSimulation.scala. Using presentation compiler with project's scala-library version: 3.3.6
2025.08.18 09:45:17 INFO  no build target found for C:\Users\ManikantaSanambatla\Downloads\gatling-maven-plugin-demo-main\gatling-maven-plugin-demo-main\src\test\scala\Simulations\BasicSimulation.scala. Using presentation compiler with project's scala-library version: 3.3.6
2025.08.18 09:45:17 INFO  no build target found for C:\Users\ManikantaSanambatla\Downloads\gatling-maven-plugin-demo-main\gatling-maven-plugin-demo-main\src\test\scala\Simulations\BasicSimulation.scala. Using presentation compiler with project's scala-library version: 3.3.6
2025.08.18 09:45:18 INFO  no build target found for C:\Users\ManikantaSanambatla\Downloads\gatling-maven-plugin-demo-main\gatling-maven-plugin-demo-main\src\test\scala\Simulations\BasicSimulation.scala. Using presentation compiler with project's scala-library version: 3.3.6
2025.08.18 09:45:18 INFO  no build target found for C:\Users\ManikantaSanambatla\Downloads\gatling-maven-plugin-demo-main\gatling-maven-plugin-demo-main\src\test\scala\Simulations\BasicSimulation.scala. Using presentation compiler with project's scala-library version: 3.3.6
2025.08.18 09:45:18 INFO  no build target found for C:\Users\ManikantaSanambatla\Downloads\gatling-maven-plugin-demo-main\gatling-maven-plugin-demo-main\src\test\scala\Simulations\BasicSimulation.scala. Using presentation compiler with project's scala-library version: 3.3.6
2025.08.18 09:45:20 INFO  no build target found for C:\Users\ManikantaSanambatla\Downloads\gatling-maven-plugin-demo-main\gatling-maven-plugin-demo-main\src\test\scala\Simulations\BasicSimulation.scala. Using presentation compiler with project's scala-library version: 3.3.6
2025.08.18 09:45:20 INFO  no build target found for C:\Users\ManikantaSanambatla\Downloads\gatling-maven-plugin-demo-main\gatling-maven-plugin-demo-main\src\test\scala\Simulations\BasicSimulation.scala. Using presentation compiler with project's scala-library version: 3.3.6
2025.08.18 09:45:21 INFO  no build target found for C:\Users\ManikantaSanambatla\Downloads\gatling-maven-plugin-demo-main\gatling-maven-plugin-demo-main\src\test\scala\Simulations\BasicSimulation.scala. Using presentation compiler with project's scala-library version: 3.3.6
2025.08.18 09:45:22 INFO  no build target found for C:\Users\ManikantaSanambatla\Downloads\gatling-maven-plugin-demo-main\gatling-maven-plugin-demo-main\src\test\scala\Simulations\BasicSimulation.scala. Using presentation compiler with project's scala-library version: 3.3.6
2025.08.18 09:45:22 INFO  no build target found for C:\Users\ManikantaSanambatla\Downloads\gatling-maven-plugin-demo-main\gatling-maven-plugin-demo-main\src\test\scala\Simulations\BasicSimulation.scala. Using presentation compiler with project's scala-library version: 3.3.6
2025.08.18 09:45:22 INFO  no build target found for C:\Users\ManikantaSanambatla\Downloads\gatling-maven-plugin-demo-main\gatling-maven-plugin-demo-main\src\test\scala\Simulations\BasicSimulation.scala. Using presentation compiler with project's scala-library version: 3.3.6
2025.08.18 09:45:22 INFO  no build target found for C:\Users\ManikantaSanambatla\Downloads\gatling-maven-plugin-demo-main\gatling-maven-plugin-demo-main\src\test\scala\Simulations\BasicSimulation.scala. Using presentation compiler with project's scala-library version: 3.3.6
2025.08.18 09:45:24 INFO  no build target found for C:\Users\ManikantaSanambatla\Downloads\gatling-maven-plugin-demo-main\gatling-maven-plugin-demo-main\src\test\scala\Simulations\BasicSimulation.scala. Using presentation compiler with project's scala-library version: 3.3.6
2025.08.18 09:45:27 INFO  no build target found for C:\Users\ManikantaSanambatla\Downloads\gatling-maven-plugin-demo-main\gatling-maven-plugin-demo-main\src\test\scala\Simulations\BasicSimulation.scala. Using presentation compiler with project's scala-library version: 3.3.6
2025.08.18 09:45:31 INFO  no build target found for C:\Users\ManikantaSanambatla\Downloads\gatling-maven-plugin-demo-main\gatling-maven-plugin-demo-main\src\test\scala\Simulations\BasicSimulation.scala. Using presentation compiler with project's scala-library version: 3.3.6
2025.08.18 09:45:32 INFO  no build target found for C:\Users\ManikantaSanambatla\Downloads\gatling-maven-plugin-demo-main\gatling-maven-plugin-demo-main\src\test\scala\Simulations\BasicSimulation.scala. Using presentation compiler with project's scala-library version: 3.3.6
2025.08.18 09:45:32 INFO  no build target found for C:\Users\ManikantaSanambatla\Downloads\gatling-maven-plugin-demo-main\gatling-maven-plugin-demo-main\src\test\scala\Simulations\BasicSimulation.scala. Using presentation compiler with project's scala-library version: 3.3.6
2025.08.18 09:45:32 INFO  no build target found for C:\Users\ManikantaSanambatla\Downloads\gatling-maven-plugin-demo-main\gatling-maven-plugin-demo-main\src\test\scala\Simulations\BasicSimulation.scala. Using presentation compiler with project's scala-library version: 3.3.6
2025.08.18 09:45:33 INFO  no build target found for C:\Users\ManikantaSanambatla\Downloads\gatling-maven-plugin-demo-main\gatling-maven-plugin-demo-main\src\test\scala\Simulations\BasicSimulation.scala. Using presentation compiler with project's scala-library version: 3.3.6
2025.08.18 09:45:34 INFO  no build target found for C:\Users\ManikantaSanambatla\Downloads\gatling-maven-plugin-demo-main\gatling-maven-plugin-demo-main\src\test\scala\Simulations\BasicSimulation.scala. Using presentation compiler with project's scala-library version: 3.3.6
2025.08.18 09:45:37 INFO  no build target found for C:\Users\ManikantaSanambatla\Downloads\gatling-maven-plugin-demo-main\gatling-maven-plugin-demo-main\src\test\scala\Simulations\BasicSimulation.scala. Using presentation compiler with project's scala-library version: 3.3.6
2025.08.18 09:45:37 INFO  no build target found for C:\Users\ManikantaSanambatla\Downloads\gatling-maven-plugin-demo-main\gatling-maven-plugin-demo-main\src\test\scala\Simulations\BasicSimulation.scala. Using presentation compiler with project's scala-library version: 3.3.6
2025.08.18 09:45:38 INFO  no build target found for C:\Users\ManikantaSanambatla\Downloads\gatling-maven-plugin-demo-main\gatling-maven-plugin-demo-main\src\test\scala\Simulations\BasicSimulation.scala. Using presentation compiler with project's scala-library version: 3.3.6
2025.08.18 09:45:40 INFO  no build target found for C:\Users\ManikantaSanambatla\Downloads\gatling-maven-plugin-demo-main\gatling-maven-plugin-demo-main\src\test\scala\Simulations\BasicSimulation.scala. Using presentation compiler with project's scala-library version: 3.3.6
2025.08.18 09:45:47 INFO  no build target found for C:\Users\ManikantaSanambatla\Downloads\gatling-maven-plugin-demo-main\gatling-maven-plugin-demo-main\src\test\scala\Simulations\BasicSimulation.scala. Using presentation compiler with project's scala-library version: 3.3.6
2025.08.18 09:45:47 INFO  no build target found for C:\Users\ManikantaSanambatla\Downloads\gatling-maven-plugin-demo-main\gatling-maven-plugin-demo-main\src\test\scala\Simulations\BasicSimulation.scala. Using presentation compiler with project's scala-library version: 3.3.6
2025.08.18 09:45:49 INFO  no build target found for C:\Users\ManikantaSanambatla\Downloads\gatling-maven-plugin-demo-main\gatling-maven-plugin-demo-main\src\test\scala\Simulations\BasicSimulation.scala. Using presentation compiler with project's scala-library version: 3.3.6
2025.08.18 09:45:49 INFO  no build target found for C:\Users\ManikantaSanambatla\Downloads\gatling-maven-plugin-demo-main\gatling-maven-plugin-demo-main\src\test\scala\Simulations\BasicSimulation.scala. Using presentation compiler with project's scala-library version: 3.3.6
2025.08.18 09:45:50 INFO  no build target found for C:\Users\ManikantaSanambatla\Downloads\gatling-maven-plugin-demo-main\gatling-maven-plugin-demo-main\src\test\scala\Simulations\BasicSimulation.scala. Using presentation compiler with project's scala-library version: 3.3.6
2025.08.18 09:45:50 INFO  no build target found for C:\Users\ManikantaSanambatla\Downloads\gatling-maven-plugin-demo-main\gatling-maven-plugin-demo-main\src\test\scala\Simulations\BasicSimulation.scala. Using presentation compiler with project's scala-library version: 3.3.6
2025.08.18 09:45:50 INFO  no build target found for C:\Users\ManikantaSanambatla\Downloads\gatling-maven-plugin-demo-main\gatling-maven-plugin-demo-main\src\test\scala\Simulations\BasicSimulation.scala. Using presentation compiler with project's scala-library version: 3.3.6
2025.08.18 09:45:51 INFO  no build target found for C:\Users\ManikantaSanambatla\Downloads\gatling-maven-plugin-demo-main\gatling-maven-plugin-demo-main\src\test\scala\Simulations\BasicSimulation.scala. Using presentation compiler with project's scala-library version: 3.3.6
2025.08.18 09:45:51 INFO  no build target found for C:\Users\ManikantaSanambatla\Downloads\gatling-maven-plugin-demo-main\gatling-maven-plugin-demo-main\src\test\scala\Simulations\BasicSimulation.scala. Using presentation compiler with project's scala-library version: 3.3.6
2025.08.18 09:45:52 INFO  no build target found for C:\Users\ManikantaSanambatla\Downloads\gatling-maven-plugin-demo-main\gatling-maven-plugin-demo-main\src\test\scala\Simulations\BasicSimulation.scala. Using presentation compiler with project's scala-library version: 3.3.6
2025.08.18 09:45:51 INFO  no build target found for C:\Users\ManikantaSanambatla\Downloads\gatling-maven-plugin-demo-main\gatling-maven-plugin-demo-main\src\test\scala\Simulations\BasicSimulation.scala. Using presentation compiler with project's scala-library version: 3.3.6
2025.08.18 09:46:07 INFO  no build target found for C:\Users\ManikantaSanambatla\Downloads\gatling-maven-plugin-demo-main\gatling-maven-plugin-demo-main\src\test\scala\Simulations\BasicSimulation.scala. Using presentation compiler with project's scala-library version: 3.3.6
2025.08.18 09:46:07 INFO  no build target found for C:\Users\ManikantaSanambatla\Downloads\gatling-maven-plugin-demo-main\gatling-maven-plugin-demo-main\src\test\scala\Simulations\BasicSimulation.scala. Using presentation compiler with project's scala-library version: 3.3.6
2025.08.18 09:46:07 INFO  no build target found for C:\Users\ManikantaSanambatla\Downloads\gatling-maven-plugin-demo-main\gatling-maven-plugin-demo-main\src\test\scala\Simulations\BasicSimulation.scala. Using presentation compiler with project's scala-library version: 3.3.6
2025.08.18 09:46:07 INFO  no build target found for C:\Users\ManikantaSanambatla\Downloads\gatling-maven-plugin-demo-main\gatling-maven-plugin-demo-main\src\test\scala\Simulations\BasicSimulation.scala. Using presentation compiler with project's scala-library version: 3.3.6
2025.08.18 09:46:08 INFO  no build target found for C:\Users\ManikantaSanambatla\Downloads\gatling-maven-plugin-demo-main\gatling-maven-plugin-demo-main\src\test\scala\Simulations\BasicSimulation.scala. Using presentation compiler with project's scala-library version: 3.3.6
2025.08.18 09:46:08 INFO  no build target found for C:\Users\ManikantaSanambatla\Downloads\gatling-maven-plugin-demo-main\gatling-maven-plugin-demo-main\src\test\scala\Simulations\BasicSimulation.scala. Using presentation compiler with project's scala-library version: 3.3.6
2025.08.18 09:46:08 INFO  no build target found for C:\Users\ManikantaSanambatla\Downloads\gatling-maven-plugin-demo-main\gatling-maven-plugin-demo-main\src\test\scala\Simulations\BasicSimulation.scala. Using presentation compiler with project's scala-library version: 3.3.6
2025.08.18 09:46:08 INFO  no build target found for C:\Users\ManikantaSanambatla\Downloads\gatling-maven-plugin-demo-main\gatling-maven-plugin-demo-main\src\test\scala\Simulations\BasicSimulation.scala. Using presentation compiler with project's scala-library version: 3.3.6
2025.08.18 09:46:08 INFO  no build target found for C:\Users\ManikantaSanambatla\Downloads\gatling-maven-plugin-demo-main\gatling-maven-plugin-demo-main\src\test\scala\Simulations\BasicSimulation.scala. Using presentation compiler with project's scala-library version: 3.3.6
2025.08.18 09:46:09 INFO  no build target found for C:\Users\ManikantaSanambatla\Downloads\gatling-maven-plugin-demo-main\gatling-maven-plugin-demo-main\src\test\scala\Simulations\BasicSimulation.scala. Using presentation compiler with project's scala-library version: 3.3.6
2025.08.18 09:46:09 INFO  no build target found for C:\Users\ManikantaSanambatla\Downloads\gatling-maven-plugin-demo-main\gatling-maven-plugin-demo-main\src\test\scala\Simulations\BasicSimulation.scala. Using presentation compiler with project's scala-library version: 3.3.6
2025.08.18 09:46:09 INFO  no build target found for C:\Users\ManikantaSanambatla\Downloads\gatling-maven-plugin-demo-main\gatling-maven-plugin-demo-main\src\test\scala\Simulations\BasicSimulation.scala. Using presentation compiler with project's scala-library version: 3.3.6
2025.08.18 09:46:10 INFO  no build target found for C:\Users\ManikantaSanambatla\Downloads\gatling-maven-plugin-demo-main\gatling-maven-plugin-demo-main\src\test\scala\Simulations\BasicSimulation.scala. Using presentation compiler with project's scala-library version: 3.3.6
2025.08.18 09:46:11 INFO  no build target found for C:\Users\ManikantaSanambatla\Downloads\gatling-maven-plugin-demo-main\gatling-maven-plugin-demo-main\src\test\scala\Simulations\BasicSimulation.scala. Using presentation compiler with project's scala-library version: 3.3.6
2025.08.18 09:46:14 INFO  no build target found for C:\Users\ManikantaSanambatla\Downloads\gatling-maven-plugin-demo-main\gatling-maven-plugin-demo-main\src\test\scala\Simulations\BasicSimulation.scala. Using presentation compiler with project's scala-library version: 3.3.6
2025.08.18 09:46:14 INFO  no build target found for C:\Users\ManikantaSanambatla\Downloads\gatling-maven-plugin-demo-main\gatling-maven-plugin-demo-main\src\test\scala\Simulations\BasicSimulation.scala. Using presentation compiler with project's scala-library version: 3.3.6
2025.08.18 09:46:14 INFO  no build target found for C:\Users\ManikantaSanambatla\Downloads\gatling-maven-plugin-demo-main\gatling-maven-plugin-demo-main\src\test\scala\Simulations\BasicSimulation.scala. Using presentation compiler with project's scala-library version: 3.3.6
2025.08.18 09:46:15 INFO  no build target found for C:\Users\ManikantaSanambatla\Downloads\gatling-maven-plugin-demo-main\gatling-maven-plugin-demo-main\src\test\scala\Simulations\BasicSimulation.scala. Using presentation compiler with project's scala-library version: 3.3.6
2025.08.18 09:46:15 INFO  no build target found for C:\Users\ManikantaSanambatla\Downloads\gatling-maven-plugin-demo-main\gatling-maven-plugin-demo-main\src\test\scala\Simulations\BasicSimulation.scala. Using presentation compiler with project's scala-library version: 3.3.6
2025.08.18 09:46:15 INFO  no build target found for C:\Users\ManikantaSanambatla\Downloads\gatling-maven-plugin-demo-main\gatling-maven-plugin-demo-main\src\test\scala\Simulations\BasicSimulation.scala. Using presentation compiler with project's scala-library version: 3.3.6
2025.08.18 09:46:16 INFO  no build target found for C:\Users\ManikantaSanambatla\Downloads\gatling-maven-plugin-demo-main\gatling-maven-plugin-demo-main\src\test\scala\Simulations\BasicSimulation.scala. Using presentation compiler with project's scala-library version: 3.3.6
2025.08.18 09:46:16 INFO  no build target found for C:\Users\ManikantaSanambatla\Downloads\gatling-maven-plugin-demo-main\gatling-maven-plugin-demo-main\src\test\scala\Simulations\BasicSimulation.scala. Using presentation compiler with project's scala-library version: 3.3.6
2025.08.18 09:46:16 INFO  no build target found for C:\Users\ManikantaSanambatla\Downloads\gatling-maven-plugin-demo-main\gatling-maven-plugin-demo-main\src\test\scala\Simulations\BasicSimulation.scala. Using presentation compiler with project's scala-library version: 3.3.6
2025.08.18 09:46:17 INFO  no build target found for C:\Users\ManikantaSanambatla\Downloads\gatling-maven-plugin-demo-main\gatling-maven-plugin-demo-main\src\test\scala\Simulations\BasicSimulation.scala. Using presentation compiler with project's scala-library version: 3.3.6
2025.08.18 09:46:17 INFO  no build target found for C:\Users\ManikantaSanambatla\Downloads\gatling-maven-plugin-demo-main\gatling-maven-plugin-demo-main\src\test\scala\Simulations\BasicSimulation.scala. Using presentation compiler with project's scala-library version: 3.3.6
2025.08.18 09:46:19 INFO  no build target found for C:\Users\ManikantaSanambatla\Downloads\gatling-maven-plugin-demo-main\gatling-maven-plugin-demo-main\src\test\scala\Simulations\BasicSimulation.scala. Using presentation compiler with project's scala-library version: 3.3.6
2025.08.18 09:46:19 INFO  no build target found for C:\Users\ManikantaSanambatla\Downloads\gatling-maven-plugin-demo-main\gatling-maven-plugin-demo-main\src\test\scala\Simulations\BasicSimulation.scala. Using presentation compiler with project's scala-library version: 3.3.6
2025.08.18 09:46:20 INFO  no build target found for C:\Users\ManikantaSanambatla\Downloads\gatling-maven-plugin-demo-main\gatling-maven-plugin-demo-main\src\test\scala\Simulations\BasicSimulation.scala. Using presentation compiler with project's scala-library version: 3.3.6
2025.08.18 09:46:20 INFO  no build target found for C:\Users\ManikantaSanambatla\Downloads\gatling-maven-plugin-demo-main\gatling-maven-plugin-demo-main\src\test\scala\Simulations\BasicSimulation.scala. Using presentation compiler with project's scala-library version: 3.3.6
2025.08.18 09:46:20 INFO  no build target found for C:\Users\ManikantaSanambatla\Downloads\gatling-maven-plugin-demo-main\gatling-maven-plugin-demo-main\src\test\scala\Simulations\BasicSimulation.scala. Using presentation compiler with project's scala-library version: 3.3.6
2025.08.18 09:46:20 INFO  no build target found for C:\Users\ManikantaSanambatla\Downloads\gatling-maven-plugin-demo-main\gatling-maven-plugin-demo-main\src\test\scala\Simulations\BasicSimulation.scala. Using presentation compiler with project's scala-library version: 3.3.6
2025.08.18 09:46:20 INFO  no build target found for C:\Users\ManikantaSanambatla\Downloads\gatling-maven-plugin-demo-main\gatling-maven-plugin-demo-main\src\test\scala\Simulations\BasicSimulation.scala. Using presentation compiler with project's scala-library version: 3.3.6
2025.08.18 09:46:37 INFO  no build target found for C:\Users\ManikantaSanambatla\Downloads\gatling-maven-plugin-demo-main\gatling-maven-plugin-demo-main\src\test\scala\Simulations\BasicSimulation.scala. Using presentation compiler with project's scala-library version: 3.3.6
2025.08.18 09:47:26 INFO  no build target found for C:\Users\ManikantaSanambatla\Downloads\gatling-maven-plugin-demo-main\gatling-maven-plugin-demo-main\src\test\scala\Simulations\BasicSimulation.scala. Using presentation compiler with project's scala-library version: 3.3.6
2025.08.18 09:47:26 INFO  no build target found for C:\Users\ManikantaSanambatla\Downloads\gatling-maven-plugin-demo-main\gatling-maven-plugin-demo-main\src\test\scala\Simulations\BasicSimulation.scala. Using presentation compiler with project's scala-library version: 3.3.6
2025.08.18 09:47:28 INFO  no build target found for C:\Users\ManikantaSanambatla\Downloads\gatling-maven-plugin-demo-main\gatling-maven-plugin-demo-main\src\test\scala\Simulations\BasicSimulation.scala. Using presentation compiler with project's scala-library version: 3.3.6
2025.08.18 09:47:28 INFO  no build target found for C:\Users\ManikantaSanambatla\Downloads\gatling-maven-plugin-demo-main\gatling-maven-plugin-demo-main\src\test\scala\Simulations\BasicSimulation.scala. Using presentation compiler with project's scala-library version: 3.3.6
2025.08.18 09:47:28 INFO  no build target found for C:\Users\ManikantaSanambatla\Downloads\gatling-maven-plugin-demo-main\gatling-maven-plugin-demo-main\src\test\scala\Simulations\BasicSimulation.scala. Using presentation compiler with project's scala-library version: 3.3.6
2025.08.18 09:47:31 INFO  no build target found for C:\Users\ManikantaSanambatla\Downloads\gatling-maven-plugin-demo-main\gatling-maven-plugin-demo-main\src\test\scala\Simulations\BasicSimulation.scala. Using presentation compiler with project's scala-library version: 3.3.6
2025.08.18 09:47:31 INFO  no build target found for C:\Users\ManikantaSanambatla\Downloads\gatling-maven-plugin-demo-main\gatling-maven-plugin-demo-main\src\test\scala\Simulations\BasicSimulation.scala. Using presentation compiler with project's scala-library version: 3.3.6
2025.08.18 09:47:31 INFO  no build target found for C:\Users\ManikantaSanambatla\Downloads\gatling-maven-plugin-demo-main\gatling-maven-plugin-demo-main\src\test\scala\Simulations\BasicSimulation.scala. Using presentation compiler with project's scala-library version: 3.3.6
2025.08.18 09:47:32 INFO  no build target found for C:\Users\ManikantaSanambatla\Downloads\gatling-maven-plugin-demo-main\gatling-maven-plugin-demo-main\src\test\scala\Simulations\BasicSimulation.scala. Using presentation compiler with project's scala-library version: 3.3.6
2025.08.18 09:47:33 INFO  no build target found for C:\Users\ManikantaSanambatla\Downloads\gatling-maven-plugin-demo-main\gatling-maven-plugin-demo-main\src\test\scala\Simulations\BasicSimulation.scala. Using presentation compiler with project's scala-library version: 3.3.6
2025.08.18 09:47:33 INFO  no build target found for C:\Users\ManikantaSanambatla\Downloads\gatling-maven-plugin-demo-main\gatling-maven-plugin-demo-main\src\test\scala\Simulations\BasicSimulation.scala. Using presentation compiler with project's scala-library version: 3.3.6
2025.08.18 09:47:33 WARN  no build target for: C:\Users\ManikantaSanambatla\Downloads\gatling-maven-plugin-demo-main\gatling-maven-plugin-demo-main\src\test\scala\Simulations\BasicSimulation.scala
2025.08.18 09:47:33 INFO  no build target found for C:\Users\ManikantaSanambatla\Downloads\gatling-maven-plugin-demo-main\gatling-maven-plugin-demo-main\src\test\scala\Simulations\BasicSimulation.scala. Using presentation compiler with project's scala-library version: 3.3.6
2025.08.18 09:48:19 INFO  no build target found for C:\Users\ManikantaSanambatla\Downloads\gatling-maven-plugin-demo-main\gatling-maven-plugin-demo-main\src\test\scala\Simulations\BasicSimulation.scala. Using presentation compiler with project's scala-library version: 3.3.6
2025.08.18 09:48:26 INFO  no build target found for C:\Users\ManikantaSanambatla\Downloads\gatling-maven-plugin-demo-main\gatling-maven-plugin-demo-main\src\test\scala\Simulations\BasicSimulation.scala. Using presentation compiler with project's scala-library version: 3.3.6
2025.08.18 09:48:26 INFO  no build target found for C:\Users\ManikantaSanambatla\Downloads\gatling-maven-plugin-demo-main\gatling-maven-plugin-demo-main\src\test\scala\Simulations\BasicSimulation.scala. Using presentation compiler with project's scala-library version: 3.3.6
2025.08.18 09:48:26 INFO  no build target found for C:\Users\ManikantaSanambatla\Downloads\gatling-maven-plugin-demo-main\gatling-maven-plugin-demo-main\src\test\scala\Simulations\BasicSimulation.scala. Using presentation compiler with project's scala-library version: 3.3.6
2025.08.18 09:48:28 INFO  no build target found for C:\Users\ManikantaSanambatla\Downloads\gatling-maven-plugin-demo-main\gatling-maven-plugin-demo-main\src\test\scala\Simulations\BasicSimulation.scala. Using presentation compiler with project's scala-library version: 3.3.6
2025.08.18 09:48:28 INFO  no build target found for C:\Users\ManikantaSanambatla\Downloads\gatling-maven-plugin-demo-main\gatling-maven-plugin-demo-main\src\test\scala\Simulations\BasicSimulation.scala. Using presentation compiler with project's scala-library version: 3.3.6
2025.08.18 09:48:28 INFO  no build target found for C:\Users\ManikantaSanambatla\Downloads\gatling-maven-plugin-demo-main\gatling-maven-plugin-demo-main\src\test\scala\Simulations\BasicSimulation.scala. Using presentation compiler with project's scala-library version: 3.3.6
2025.08.18 09:48:29 INFO  no build target found for C:\Users\ManikantaSanambatla\Downloads\gatling-maven-plugin-demo-main\gatling-maven-plugin-demo-main\src\test\scala\Simulations\BasicSimulation.scala. Using presentation compiler with project's scala-library version: 3.3.6
2025.08.18 09:48:29 INFO  no build target found for C:\Users\ManikantaSanambatla\Downloads\gatling-maven-plugin-demo-main\gatling-maven-plugin-demo-main\src\test\scala\Simulations\BasicSimulation.scala. Using presentation compiler with project's scala-library version: 3.3.6
2025.08.18 09:48:29 INFO  no build target found for C:\Users\ManikantaSanambatla\Downloads\gatling-maven-plugin-demo-main\gatling-maven-plugin-demo-main\src\test\scala\Simulations\BasicSimulation.scala. Using presentation compiler with project's scala-library version: 3.3.6
2025.08.18 09:48:29 INFO  no build target found for C:\Users\ManikantaSanambatla\Downloads\gatling-maven-plugin-demo-main\gatling-maven-plugin-demo-main\src\test\scala\Simulations\BasicSimulation.scala. Using presentation compiler with project's scala-library version: 3.3.6
2025.08.18 09:48:29 INFO  no build target found for C:\Users\ManikantaSanambatla\Downloads\gatling-maven-plugin-demo-main\gatling-maven-plugin-demo-main\src\test\scala\Simulations\BasicSimulation.scala. Using presentation compiler with project's scala-library version: 3.3.6
2025.08.18 09:48:30 INFO  no build target found for C:\Users\ManikantaSanambatla\Downloads\gatling-maven-plugin-demo-main\gatling-maven-plugin-demo-main\src\test\scala\Simulations\BasicSimulation.scala. Using presentation compiler with project's scala-library version: 3.3.6
2025.08.18 09:48:31 INFO  no build target found for C:\Users\ManikantaSanambatla\Downloads\gatling-maven-plugin-demo-main\gatling-maven-plugin-demo-main\src\test\scala\Simulations\BasicSimulation.scala. Using presentation compiler with project's scala-library version: 3.3.6
2025.08.18 09:48:31 INFO  no build target found for C:\Users\ManikantaSanambatla\Downloads\gatling-maven-plugin-demo-main\gatling-maven-plugin-demo-main\src\test\scala\Simulations\BasicSimulation.scala. Using presentation compiler with project's scala-library version: 3.3.6
2025.08.18 09:48:31 WARN  no build target for: C:\Users\ManikantaSanambatla\Downloads\gatling-maven-plugin-demo-main\gatling-maven-plugin-demo-main\src\test\scala\Simulations\BasicSimulation.scala
2025.08.18 09:48:31 INFO  no build target found for C:\Users\ManikantaSanambatla\Downloads\gatling-maven-plugin-demo-main\gatling-maven-plugin-demo-main\src\test\scala\Simulations\BasicSimulation.scala. Using presentation compiler with project's scala-library version: 3.3.6
2025.08.18 09:48:31 INFO  no build target found for C:\Users\ManikantaSanambatla\Downloads\gatling-maven-plugin-demo-main\gatling-maven-plugin-demo-main\src\test\scala\Simulations\BasicSimulation.scala. Using presentation compiler with project's scala-library version: 3.3.6
2025.08.18 09:48:31 INFO  no build target found for C:\Users\ManikantaSanambatla\Downloads\gatling-maven-plugin-demo-main\gatling-maven-plugin-demo-main\src\test\scala\Simulations\BasicSimulation.scala. Using presentation compiler with project's scala-library version: 3.3.6
2025.08.18 09:48:31 INFO  no build target found for C:\Users\ManikantaSanambatla\Downloads\gatling-maven-plugin-demo-main\gatling-maven-plugin-demo-main\src\test\scala\Simulations\BasicSimulation.scala. Using presentation compiler with project's scala-library version: 3.3.6
2025.08.18 09:48:31 INFO  no build target found for C:\Users\ManikantaSanambatla\Downloads\gatling-maven-plugin-demo-main\gatling-maven-plugin-demo-main\src\test\scala\Simulations\BasicSimulation.scala. Using presentation compiler with project's scala-library version: 3.3.6
2025.08.18 09:48:32 INFO  no build target found for C:\Users\ManikantaSanambatla\Downloads\gatling-maven-plugin-demo-main\gatling-maven-plugin-demo-main\src\test\scala\Simulations\BasicSimulation.scala. Using presentation compiler with project's scala-library version: 3.3.6
2025.08.18 09:49:39 INFO  no build target found for C:\Users\ManikantaSanambatla\Downloads\gatling-maven-plugin-demo-main\gatling-maven-plugin-demo-main\src\test\scala\Simulations\BasicSimulation.scala. Using presentation compiler with project's scala-library version: 3.3.6
2025.08.18 09:50:25 WARN  no build target for: C:\Users\ManikantaSanambatla\Downloads\gatling-maven-plugin-demo-main\gatling-maven-plugin-demo-main\src\test\scala\Simulations\BasicSimulation.scala
2025.08.18 09:50:25 INFO  no build target found for C:\Users\ManikantaSanambatla\Downloads\gatling-maven-plugin-demo-main\gatling-maven-plugin-demo-main\src\test\scala\Simulations\BasicSimulation.scala. Using presentation compiler with project's scala-library version: 3.3.6
2025.08.18 09:50:25 INFO  no build target found for C:\Users\ManikantaSanambatla\Downloads\gatling-maven-plugin-demo-main\gatling-maven-plugin-demo-main\src\test\scala\Simulations\BasicSimulation.scala. Using presentation compiler with project's scala-library version: 3.3.6
2025.08.18 09:50:25 INFO  no build target found for C:\Users\ManikantaSanambatla\Downloads\gatling-maven-plugin-demo-main\gatling-maven-plugin-demo-main\src\test\scala\Simulations\BasicSimulation.scala. Using presentation compiler with project's scala-library version: 3.3.6
2025.08.18 09:50:25 INFO  no build target found for C:\Users\ManikantaSanambatla\Downloads\gatling-maven-plugin-demo-main\gatling-maven-plugin-demo-main\src\test\scala\Simulations\BasicSimulation.scala. Using presentation compiler with project's scala-library version: 3.3.6
2025.08.18 09:54:13 INFO  no build target found for C:\Users\ManikantaSanambatla\Downloads\gatling-maven-plugin-demo-main\gatling-maven-plugin-demo-main\src\test\scala\Simulations\BasicSimulation.scala. Using presentation compiler with project's scala-library version: 3.3.6
2025.08.18 09:54:52 INFO  no build target found for C:\Users\ManikantaSanambatla\Downloads\gatling-maven-plugin-demo-main\gatling-maven-plugin-demo-main\src\test\scala\Simulations\BasicSimulation.scala. Using presentation compiler with project's scala-library version: 3.3.6
2025.08.18 10:38:38 INFO  no build target found for C:\Users\ManikantaSanambatla\Downloads\gatling-maven-plugin-demo-main\gatling-maven-plugin-demo-main\src\test\scala\Simulations\BasicSimulation.scala. Using presentation compiler with project's scala-library version: 3.3.6
2025.08.18 10:38:39 INFO  no build target found for C:\Users\ManikantaSanambatla\Downloads\gatling-maven-plugin-demo-main\gatling-maven-plugin-demo-main\src\test\scala\Simulations\BasicSimulation.scala. Using presentation compiler with project's scala-library version: 3.3.6
2025.08.18 10:39:12 INFO  no build target found for C:\Users\ManikantaSanambatla\Downloads\gatling-maven-plugin-demo-main\gatling-maven-plugin-demo-main\src\test\scala\Simulations\BasicSimulation.scala. Using presentation compiler with project's scala-library version: 3.3.6
2025.08.18 10:39:14 INFO  no build target found for C:\Users\ManikantaSanambatla\Downloads\gatling-maven-plugin-demo-main\gatling-maven-plugin-demo-main\src\test\scala\Simulations\BasicSimulation.scala. Using presentation compiler with project's scala-library version: 3.3.6
2025.08.18 10:39:53 INFO  no build target found for C:\Users\ManikantaSanambatla\Downloads\gatling-maven-plugin-demo-main\gatling-maven-plugin-demo-main\src\test\scala\Simulations\BasicSimulation.scala. Using presentation compiler with project's scala-library version: 3.3.6
2025.08.18 10:41:15 WARN  no build target for: C:\Users\ManikantaSanambatla\Downloads\gatling-maven-plugin-demo-main\gatling-maven-plugin-demo-main\src\test\scala\Simulations\BasicSimulation.scala
2025.08.18 10:41:15 INFO  no build target found for C:\Users\ManikantaSanambatla\Downloads\gatling-maven-plugin-demo-main\gatling-maven-plugin-demo-main\src\test\scala\Simulations\BasicSimulation.scala. Using presentation compiler with project's scala-library version: 3.3.6
2025.08.18 10:41:15 INFO  no build target found for C:\Users\ManikantaSanambatla\Downloads\gatling-maven-plugin-demo-main\gatling-maven-plugin-demo-main\src\test\scala\Simulations\BasicSimulation.scala. Using presentation compiler with project's scala-library version: 3.3.6
2025.08.18 10:41:15 INFO  no build target found for C:\Users\ManikantaSanambatla\Downloads\gatling-maven-plugin-demo-main\gatling-maven-plugin-demo-main\src\test\scala\Simulations\BasicSimulation.scala. Using presentation compiler with project's scala-library version: 3.3.6
